<?xml version="1.0" encoding="UTF-8"?>
<testsuite xmlns:xsi="http://www.w3.org/2001/XMLSchema-instance" xsi:noNamespaceSchemaLocation="https://maven.apache.org/surefire/maven-surefire-plugin/xsd/surefire-test-report-3.0.xsd" version="3.0" name="TestSuite" time="311.709" tests="8" errors="0" skipped="5" failures="3">
  <properties>
    <property name="java.specification.version" value="14"/>
    <property name="webdriver.chrome.driver" value="C:\Users\X133477\chromedriver.exe"/>
    <property name="sun.cpu.isalist" value="amd64"/>
    <property name="sun.jnu.encoding" value="Cp1252"/>
    <property name="java.class.path" value="C:\XL_Apps\eclipse\dropins\apache-maven-3.6.3\bin\..\boot\plexus-classworlds-2.6.0.jar"/>
    <property name="java.vm.vendor" value="Oracle Corporation"/>
    <property name="sun.arch.data.model" value="64"/>
    <property name="user.variant" value=""/>
    <property name="java.vendor.url" value="https://java.oracle.com/"/>
    <property name="user.timezone" value="Asia/Calcutta"/>
    <property name="maven.conf" value="C:\XL_Apps\eclipse\dropins\apache-maven-3.6.3\bin\../conf"/>
    <property name="java.vm.specification.version" value="14"/>
    <property name="os.name" value="Windows 10"/>
    <property name="sun.java.launcher" value="SUN_STANDARD"/>
    <property name="user.country" value="US"/>
    <property name="sun.boot.library.path" value="C:\Program Files\Java\jdk-14.0.1\bin"/>
    <property name="sun.java.command" value="org.codehaus.plexus.classworlds.launcher.Launcher test -Dbrowser=chromeheadless"/>
    <property name="jdk.debug" value="release"/>
    <property name="maven.home" value="C:\XL_Apps\eclipse\dropins\apache-maven-3.6.3\bin\.."/>
    <property name="surefire.test.class.path" value="C:\Users\X133477\eclipse-workspace\QAClickAcademy\target\test-classes;C:\Users\X133477\eclipse-workspace\QAClickAcademy\target\classes;C:\Users\X133477\.m2\repository\junit\junit\4.12\junit-4.12.jar;C:\Users\X133477\.m2\repository\org\hamcrest\hamcrest-core\1.3\hamcrest-core-1.3.jar;C:\Users\X133477\.m2\repository\com\aventstack\extentreports\4.1.4\extentreports-4.1.4.jar;C:\Users\X133477\.m2\repository\org\freemarker\freemarker\2.3.29\freemarker-2.3.29.jar;C:\Users\X133477\.m2\repository\org\apache\httpcomponents\httpclient\4.5.2\httpclient-4.5.2.jar;C:\Users\X133477\.m2\repository\org\apache\httpcomponents\httpcore\4.4.4\httpcore-4.4.4.jar;C:\Users\X133477\.m2\repository\commons-logging\commons-logging\1.2\commons-logging-1.2.jar;C:\Users\X133477\.m2\repository\commons-codec\commons-codec\1.9\commons-codec-1.9.jar;C:\Users\X133477\.m2\repository\org\apache\httpcomponents\httpmime\4.5.2\httpmime-4.5.2.jar;C:\Users\X133477\.m2\repository\com\google\code\gson\gson\2.8.6\gson-2.8.6.jar;C:\Users\X133477\.m2\repository\org\mongodb\mongodb-driver\3.12.0\mongodb-driver-3.12.0.jar;C:\Users\X133477\.m2\repository\org\mongodb\mongodb-driver-core\3.12.0\mongodb-driver-core-3.12.0.jar;C:\Users\X133477\.m2\repository\org\mongodb\bson\3.12.0\bson-3.12.0.jar;C:\Users\X133477\.m2\repository\org\seleniumhq\selenium\selenium-java\3.141.59\selenium-java-3.141.59.jar;C:\Users\X133477\.m2\repository\org\seleniumhq\selenium\selenium-api\3.141.59\selenium-api-3.141.59.jar;C:\Users\X133477\.m2\repository\org\seleniumhq\selenium\selenium-chrome-driver\3.141.59\selenium-chrome-driver-3.141.59.jar;C:\Users\X133477\.m2\repository\org\seleniumhq\selenium\selenium-edge-driver\3.141.59\selenium-edge-driver-3.141.59.jar;C:\Users\X133477\.m2\repository\org\seleniumhq\selenium\selenium-firefox-driver\3.141.59\selenium-firefox-driver-3.141.59.jar;C:\Users\X133477\.m2\repository\org\seleniumhq\selenium\selenium-ie-driver\3.141.59\selenium-ie-driver-3.141.59.jar;C:\Users\X133477\.m2\repository\org\seleniumhq\selenium\selenium-opera-driver\3.141.59\selenium-opera-driver-3.141.59.jar;C:\Users\X133477\.m2\repository\org\seleniumhq\selenium\selenium-remote-driver\3.141.59\selenium-remote-driver-3.141.59.jar;C:\Users\X133477\.m2\repository\org\seleniumhq\selenium\selenium-safari-driver\3.141.59\selenium-safari-driver-3.141.59.jar;C:\Users\X133477\.m2\repository\org\seleniumhq\selenium\selenium-support\3.141.59\selenium-support-3.141.59.jar;C:\Users\X133477\.m2\repository\net\bytebuddy\byte-buddy\1.8.15\byte-buddy-1.8.15.jar;C:\Users\X133477\.m2\repository\org\apache\commons\commons-exec\1.3\commons-exec-1.3.jar;C:\Users\X133477\.m2\repository\com\google\guava\guava\25.0-jre\guava-25.0-jre.jar;C:\Users\X133477\.m2\repository\com\google\code\findbugs\jsr305\1.3.9\jsr305-1.3.9.jar;C:\Users\X133477\.m2\repository\org\checkerframework\checker-compat-qual\2.0.0\checker-compat-qual-2.0.0.jar;C:\Users\X133477\.m2\repository\com\google\errorprone\error_prone_annotations\2.1.3\error_prone_annotations-2.1.3.jar;C:\Users\X133477\.m2\repository\com\google\j2objc\j2objc-annotations\1.1\j2objc-annotations-1.1.jar;C:\Users\X133477\.m2\repository\org\codehaus\mojo\animal-sniffer-annotations\1.14\animal-sniffer-annotations-1.14.jar;C:\Users\X133477\.m2\repository\com\squareup\okhttp3\okhttp\3.11.0\okhttp-3.11.0.jar;C:\Users\X133477\.m2\repository\com\squareup\okio\okio\1.14.0\okio-1.14.0.jar;C:\Users\X133477\.m2\repository\org\testng\testng\6.14.3\testng-6.14.3.jar;C:\Users\X133477\.m2\repository\com\beust\jcommander\1.72\jcommander-1.72.jar;C:\Users\X133477\.m2\repository\org\apache-extras\beanshell\bsh\2.0b6\bsh-2.0b6.jar;C:\Users\X133477\.m2\repository\org\apache\logging\log4j\log4j-api\2.13.1\log4j-api-2.13.1.jar;C:\Users\X133477\.m2\repository\org\apache\logging\log4j\log4j-core\2.13.1\log4j-core-2.13.1.jar;C:\Users\X133477\.m2\repository\io\cucumber\cucumber-java\4.8.1\cucumber-java-4.8.1.jar;C:\Users\X133477\.m2\repository\org\apiguardian\apiguardian-api\1.1.0\apiguardian-api-1.1.0.jar;C:\Users\X133477\.m2\repository\io\cucumber\cucumber-junit\4.8.1\cucumber-junit-4.8.1.jar;C:\Users\X133477\.m2\repository\io\cucumber\cucumber-core\4.8.1\cucumber-core-4.8.1.jar;C:\Users\X133477\.m2\repository\io\cucumber\gherkin\5.1.0\gherkin-5.1.0.jar;C:\Users\X133477\.m2\repository\io\cucumber\tag-expressions\1.1.1\tag-expressions-1.1.1.jar;C:\Users\X133477\.m2\repository\io\cucumber\cucumber-expressions\7.0.2\cucumber-expressions-7.0.2.jar;C:\Users\X133477\.m2\repository\io\cucumber\datatable\1.1.14\datatable-1.1.14.jar;C:\Users\X133477\.m2\repository\io\cucumber\datatable-dependencies\1.1.14\datatable-dependencies-1.1.14.jar;C:\Users\X133477\.m2\repository\io\cucumber\cucumber-testng\4.8.1\cucumber-testng-4.8.1.jar;C:\Users\X133477\.m2\repository\commons-io\commons-io\2.6\commons-io-2.6.jar;"/>
    <property name="sun.cpu.endian" value="little"/>
    <property name="user.home" value="C:\Users\X133477"/>
    <property name="user.language" value="en"/>
    <property name="sun.stderr.encoding" value="cp437"/>
    <property name="java.specification.vendor" value="Oracle Corporation"/>
    <property name="java.version.date" value="2020-04-14"/>
    <property name="java.home" value="C:\Program Files\Java\jdk-14.0.1"/>
    <property name="file.separator" value="\"/>
    <property name="basedir" value="C:\Users\X133477\eclipse-workspace\QAClickAcademy"/>
    <property name="java.vm.compressedOopsMode" value="32-bit"/>
    <property name="line.separator" value="&#10;"/>
    <property name="sun.stdout.encoding" value="cp437"/>
    <property name="java.vm.specification.vendor" value="Oracle Corporation"/>
    <property name="java.specification.name" value="Java Platform API Specification"/>
    <property name="user.script" value=""/>
    <property name="sun.management.compiler" value="HotSpot 64-Bit Tiered Compilers"/>
    <property name="java.runtime.version" value="14.0.1+7"/>
    <property name="user.name" value="X133477"/>
    <property name="path.separator" value=";"/>
    <property name="os.version" value="10.0"/>
    <property name="java.runtime.name" value="Java(TM) SE Runtime Environment"/>
    <property name="file.encoding" value="Cp1252"/>
    <property name="guice.disable.misplaced.annotation.check" value="true"/>
    <property name="browser" value="chromeheadless"/>
    <property name="java.vm.name" value="Java HotSpot(TM) 64-Bit Server VM"/>
    <property name="localRepository" value="C:\Users\X133477\.m2\repository"/>
    <property name="java.vendor.url.bug" value="https://bugreport.java.com/bugreport/"/>
    <property name="java.io.tmpdir" value="C:\Users\X133477\AppData\Local\Temp\"/>
    <property name="java.version" value="14.0.1"/>
    <property name="user.dir" value="C:\Users\X133477\eclipse-workspace\QAClickAcademy"/>
    <property name="os.arch" value="amd64"/>
    <property name="maven.multiModuleProjectDirectory" value="C:\Users\X133477\eclipse-workspace\QAClickAcademy"/>
    <property name="java.vm.specification.name" value="Java Virtual Machine Specification"/>
    <property name="sun.os.patch.level" value=""/>
    <property name="java.library.path" value="C:\Program Files\Java\jdk-14.0.1\bin;C:\WINDOWS\Sun\Java\bin;C:\WINDOWS\system32;C:\WINDOWS;C:\Program Files (x86)\Common Files\Oracle\Java\javapath;C:\WINDOWS\system32;C:\WINDOWS;C:\WINDOWS\System32\Wbem;C:\WINDOWS\System32\WindowsPowerShell\v1.0\;C:\Program Files\1E\NomadBranch\;C:\Program Files (x86)\Microsoft SQL Server\Client SDK\ODBC\130\Tools\Binn\;C:\Program Files (x86)\Microsoft SQL Server\140\Tools\Binn\;C:\Program Files (x86)\Microsoft SQL Server\140\DTS\Binn\;C:\Program Files (x86)\Microsoft SQL Server\140\Tools\Binn\ManagementStudio\;C:\Program Files (x86)\Intel\Intel(R) Management Engine Components\DAL;C:\Program Files\Intel\Intel(R) Management Engine Components\DAL;C:\Program Files\Intel\WiFi\bin\;C:\Program Files\Common Files\Intel\WirelessCommon\;C:\Program Files\Java\jdk-14.0.1\bin;C:\XL_Apps\eclipse\dropins\apache-maven-3.6.3\bin;C:\Program Files\MySQL\MySQL Shell 8.0\bin\;C:\Users\X133477\AppData\Local\Programs\Python\Python38-32\Scripts\;C:\Users\X133477\AppData\Local\Programs\Python\Python38-32\;C:\Users\X133477\AppData\Local\Microsoft\WindowsApps;;."/>
    <property name="java.vm.info" value="mixed mode, sharing"/>
    <property name="java.vendor" value="Oracle Corporation"/>
    <property name="java.vm.version" value="14.0.1+7"/>
    <property name="classworlds.conf" value="C:\XL_Apps\eclipse\dropins\apache-maven-3.6.3\bin\..\bin\m2.conf"/>
    <property name="sun.io.unicode.encoding" value="UnicodeLittle"/>
    <property name="library.jansi.path" value="C:\XL_Apps\eclipse\dropins\apache-maven-3.6.3\bin\..\lib\jansi-native"/>
    <property name="java.class.version" value="58.0"/>
  </properties>
  <testcase name="InvokeDriver" classname="Academy.HomePage" time="12.344">
    <failure message="unknown error: Chrome failed to start: crashed&#10;  (unknown error: DevToolsActivePort file doesn&apos;t exist)&#10;  (The process started from chrome location C:\Program Files (x86)\Google\Chrome\Application\chrome.exe is no longer running, so ChromeDriver is assuming that Chrome has crashed.)&#10;Build info: version: &apos;3.141.59&apos;, revision: &apos;e82be7d358&apos;, time: &apos;2018-11-14T08:17:03&apos;&#10;System info: host: &apos;R01-CE62302732&apos;, ip: &apos;192.168.0.105&apos;, os.name: &apos;Windows 10&apos;, os.arch: &apos;amd64&apos;, os.version: &apos;10.0&apos;, java.version: &apos;14.0.1&apos;&#10;Driver info: driver.version: ChromeDriver&#10;remote stacktrace: Backtrace:&#10;	Ordinal0 [0x0024A113+1548563]&#10;	Ordinal0 [0x001CDDA1+1039777]&#10;	Ordinal0 [0x0014E485+517253]&#10;	Ordinal0 [0x000DCB98+52120]&#10;	Ordinal0 [0x000FB797+178071]&#10;	Ordinal0 [0x000FB59D+177565]&#10;	Ordinal0 [0x000F95FB+169467]&#10;	Ordinal0 [0x000E160A+71178]&#10;	Ordinal0 [0x000E2690+75408]&#10;	Ordinal0 [0x000E2629+75305]&#10;	Ordinal0 [0x001E71B7+1143223]&#10;	GetHandleVerifier [0x002E2B46+507814]&#10;	GetHandleVerifier [0x002E2864+507076]&#10;	GetHandleVerifier [0x002E9F47+537511]&#10;	GetHandleVerifier [0x002E3402+510050]&#10;	Ordinal0 [0x001DF29C+1110684]&#10;	Ordinal0 [0x001E938B+1151883]&#10;	Ordinal0 [0x001E94F3+1152243]&#10;	Ordinal0 [0x001E83F5+1147893]&#10;	BaseThreadInitThunk [0x74428674+36]&#10;	RtlGetAppContainerNamedObjectPath [0x77A35EC7+311]&#10;	RtlGetAppContainerNamedObjectPath [0x77A35E97+263]&#10;	(No symbol) [0x00000000]&#10;" type="org.openqa.selenium.WebDriverException">org.openqa.selenium.WebDriverException: 
unknown error: Chrome failed to start: crashed
  (unknown error: DevToolsActivePort file doesn't exist)
  (The process started from chrome location C:\Program Files (x86)\Google\Chrome\Application\chrome.exe is no longer running, so ChromeDriver is assuming that Chrome has crashed.)
Build info: version: '3.141.59', revision: 'e82be7d358', time: '2018-11-14T08:17:03'
System info: host: 'R01-CE62302732', ip: '192.168.0.105', os.name: 'Windows 10', os.arch: 'amd64', os.version: '10.0', java.version: '14.0.1'
Driver info: driver.version: ChromeDriver
remote stacktrace: Backtrace:
	Ordinal0 [0x0024A113+1548563]
	Ordinal0 [0x001CDDA1+1039777]
	Ordinal0 [0x0014E485+517253]
	Ordinal0 [0x000DCB98+52120]
	Ordinal0 [0x000FB797+178071]
	Ordinal0 [0x000FB59D+177565]
	Ordinal0 [0x000F95FB+169467]
	Ordinal0 [0x000E160A+71178]
	Ordinal0 [0x000E2690+75408]
	Ordinal0 [0x000E2629+75305]
	Ordinal0 [0x001E71B7+1143223]
	GetHandleVerifier [0x002E2B46+507814]
	GetHandleVerifier [0x002E2864+507076]
	GetHandleVerifier [0x002E9F47+537511]
	GetHandleVerifier [0x002E3402+510050]
	Ordinal0 [0x001DF29C+1110684]
	Ordinal0 [0x001E938B+1151883]
	Ordinal0 [0x001E94F3+1152243]
	Ordinal0 [0x001E83F5+1147893]
	BaseThreadInitThunk [0x74428674+36]
	RtlGetAppContainerNamedObjectPath [0x77A35EC7+311]
	RtlGetAppContainerNamedObjectPath [0x77A35E97+263]
	(No symbol) [0x00000000]

	at Academy.HomePage.InvokeDriver(HomePage.java:23)
</failure>
    <system-err><![CDATA[Starting ChromeDriver 79.0.394Starting ChromeDriv5.36 er 79.(35820.39dSb32b33845.39tarting Chrome3866D9 (3b8ric15823v39e8dfe4db39re2d 79.0.3945.36 (3581816b33893869bf142db32b33893-re8c3861f9b8s/branch-339hecae8fd1s4/39334d5@9e{9#6148}e) f4ond1 dp816o9erft 155d1816f14381432--
reOrnfleys lfso/c/ablb rcronnectaioanchnnch-s a-rheh aeleloweada.ds/
dPl3es/3a945@{#614s9e} 4p)rot5@{e c#to 614}) oports usen pon port 32018rt 3345
d by ChromeDriver Only lo
Ocand relatedal connnections are allowed tes.
Plletasey protec frt local co apnnorts used by Chrommeworks toec preeDrivervent ationc ancess by malicis are od related tuals est code.
lfraowemewd.
Ploreksase pr toote prect ports useved by Chront access by mameDriver anliciouds code.
 related test frameworks to prevent access by malicious code.
May 21, 2020 7:28:58 PM org.openqa.selenium.remote.ProtocolHandshake createSession
INFO: Detected dialect: W3C
May 21, 2020 7:28:59 PM org.openqa.selenium.remote.ProtocolHandshake createSession
INFO: Detected dialect: W3C
May 21, 2020 7:28:59 PM org.openqa.selenium.remote.ProtocolHandshake createSession
INFO: Detected dialect: W3C
Starting ChromeDriver 79.0.3945.36 (3582db32b33893869b8c1339e8f4d9ed1816f143-refs/branch-heads/3945@{#614}) on port 44025
Only local connections are allowed.
Please protect ports used by ChromeDriver and related test frameworks to prevent access by malicious code.
]]></system-err>
  </testcase>
  <testcase name="basePageNavigation" classname="Academy.HomePage" time="0">
    <skipped message="unknown error: Chrome failed to start: crashed&#10;  (unknown error: DevToolsActivePort file doesn&apos;t exist)&#10;  (The process started from chrome location C:\Program Files (x86)\Google\Chrome\Application\chrome.exe is no longer running, so ChromeDriver is assuming that Chrome has crashed.)&#10;Build info: version: &apos;3.141.59&apos;, revision: &apos;e82be7d358&apos;, time: &apos;2018-11-14T08:17:03&apos;&#10;System info: host: &apos;R01-CE62302732&apos;, ip: &apos;192.168.0.105&apos;, os.name: &apos;Windows 10&apos;, os.arch: &apos;amd64&apos;, os.version: &apos;10.0&apos;, java.version: &apos;14.0.1&apos;&#10;Driver info: driver.version: ChromeDriver&#10;remote stacktrace: Backtrace:&#10;	Ordinal0 [0x0024A113+1548563]&#10;	Ordinal0 [0x001CDDA1+1039777]&#10;	Ordinal0 [0x0014E485+517253]&#10;	Ordinal0 [0x000DCB98+52120]&#10;	Ordinal0 [0x000FB797+178071]&#10;	Ordinal0 [0x000FB59D+177565]&#10;	Ordinal0 [0x000F95FB+169467]&#10;	Ordinal0 [0x000E160A+71178]&#10;	Ordinal0 [0x000E2690+75408]&#10;	Ordinal0 [0x000E2629+75305]&#10;	Ordinal0 [0x001E71B7+1143223]&#10;	GetHandleVerifier [0x002E2B46+507814]&#10;	GetHandleVerifier [0x002E2864+507076]&#10;	GetHandleVerifier [0x002E9F47+537511]&#10;	GetHandleVerifier [0x002E3402+510050]&#10;	Ordinal0 [0x001DF29C+1110684]&#10;	Ordinal0 [0x001E938B+1151883]&#10;	Ordinal0 [0x001E94F3+1152243]&#10;	Ordinal0 [0x001E83F5+1147893]&#10;	BaseThreadInitThunk [0x74428674+36]&#10;	RtlGetAppContainerNamedObjectPath [0x77A35EC7+311]&#10;	RtlGetAppContainerNamedObjectPath [0x77A35E97+263]&#10;	(No symbol) [0x00000000]&#10;"/>
  </testcase>
  <testcase name="basePageNavigation" classname="Academy.HomePage" time="0">
    <skipped message="unknown error: Chrome failed to start: crashed&#10;  (unknown error: DevToolsActivePort file doesn&apos;t exist)&#10;  (The process started from chrome location C:\Program Files (x86)\Google\Chrome\Application\chrome.exe is no longer running, so ChromeDriver is assuming that Chrome has crashed.)&#10;Build info: version: &apos;3.141.59&apos;, revision: &apos;e82be7d358&apos;, time: &apos;2018-11-14T08:17:03&apos;&#10;System info: host: &apos;R01-CE62302732&apos;, ip: &apos;192.168.0.105&apos;, os.name: &apos;Windows 10&apos;, os.arch: &apos;amd64&apos;, os.version: &apos;10.0&apos;, java.version: &apos;14.0.1&apos;&#10;Driver info: driver.version: ChromeDriver&#10;remote stacktrace: Backtrace:&#10;	Ordinal0 [0x0024A113+1548563]&#10;	Ordinal0 [0x001CDDA1+1039777]&#10;	Ordinal0 [0x0014E485+517253]&#10;	Ordinal0 [0x000DCB98+52120]&#10;	Ordinal0 [0x000FB797+178071]&#10;	Ordinal0 [0x000FB59D+177565]&#10;	Ordinal0 [0x000F95FB+169467]&#10;	Ordinal0 [0x000E160A+71178]&#10;	Ordinal0 [0x000E2690+75408]&#10;	Ordinal0 [0x000E2629+75305]&#10;	Ordinal0 [0x001E71B7+1143223]&#10;	GetHandleVerifier [0x002E2B46+507814]&#10;	GetHandleVerifier [0x002E2864+507076]&#10;	GetHandleVerifier [0x002E9F47+537511]&#10;	GetHandleVerifier [0x002E3402+510050]&#10;	Ordinal0 [0x001DF29C+1110684]&#10;	Ordinal0 [0x001E938B+1151883]&#10;	Ordinal0 [0x001E94F3+1152243]&#10;	Ordinal0 [0x001E83F5+1147893]&#10;	BaseThreadInitThunk [0x74428674+36]&#10;	RtlGetAppContainerNamedObjectPath [0x77A35EC7+311]&#10;	RtlGetAppContainerNamedObjectPath [0x77A35E97+263]&#10;	(No symbol) [0x00000000]&#10;"/>
  </testcase>
  <testcase name="teardown" classname="Academy.HomePage" time="0">
    <skipped/>
  </testcase>
  <testcase name="validateAppTitle" classname="Academy.validateTitle" time="0.779">
    <failure message="expected [FEATURED COURSE] but found [FEATURED COURSES]" type="java.lang.AssertionError">java.lang.AssertionError: expected [FEATURED COURSE] but found [FEATURED COURSES]
	at Academy.validateTitle.validateAppTitle(validateTitle.java:36)
</failure>
  </testcase>
  <testcase name="initialize" classname="Academy.validateNavigationBar" time="170.517">
    <failure message="timeout&#10;  (Session info: headless chrome=79.0.3945.88)&#10;Build info: version: &apos;3.141.59&apos;, revision: &apos;e82be7d358&apos;, time: &apos;2018-11-14T08:17:03&apos;&#10;System info: host: &apos;R01-CE62302732&apos;, ip: &apos;192.168.0.105&apos;, os.name: &apos;Windows 10&apos;, os.arch: &apos;amd64&apos;, os.version: &apos;10.0&apos;, java.version: &apos;14.0.1&apos;&#10;Driver info: org.openqa.selenium.chrome.ChromeDriver&#10;Capabilities {acceptInsecureCerts: false, browserName: chrome, browserVersion: 79.0.3945.88, chrome: {chromedriverVersion: 79.0.3945.36 (3582db32b3389..., userDataDir: C:\Users\X133477\AppData\Lo...}, goog:chromeOptions: {debuggerAddress: localhost:64563}, javascriptEnabled: true, networkConnectionEnabled: false, pageLoadStrategy: normal, platform: WINDOWS, platformName: WINDOWS, proxy: Proxy(), setWindowRect: true, strictFileInteractability: false, timeouts: {implicit: 0, pageLoad: 300000, script: 30000}, unhandledPromptBehavior: dismiss and notify}&#10;Session ID: db48cc958aed51a6c1b27415fca18bb8" type="org.openqa.selenium.TimeoutException">org.openqa.selenium.TimeoutException: 
timeout
  (Session info: headless chrome=79.0.3945.88)
Build info: version: '3.141.59', revision: 'e82be7d358', time: '2018-11-14T08:17:03'
System info: host: 'R01-CE62302732', ip: '192.168.0.105', os.name: 'Windows 10', os.arch: 'amd64', os.version: '10.0', java.version: '14.0.1'
Driver info: org.openqa.selenium.chrome.ChromeDriver
Capabilities {acceptInsecureCerts: false, browserName: chrome, browserVersion: 79.0.3945.88, chrome: {chromedriverVersion: 79.0.3945.36 (3582db32b3389..., userDataDir: C:\Users\X133477\AppData\Lo...}, goog:chromeOptions: {debuggerAddress: localhost:64563}, javascriptEnabled: true, networkConnectionEnabled: false, pageLoadStrategy: normal, platform: WINDOWS, platformName: WINDOWS, proxy: Proxy(), setWindowRect: true, strictFileInteractability: false, timeouts: {implicit: 0, pageLoad: 300000, script: 30000}, unhandledPromptBehavior: dismiss and notify}
Session ID: db48cc958aed51a6c1b27415fca18bb8
	at Academy.validateNavigationBar.initialize(validateNavigationBar.java:24)
</failure>
    <system-err><![CDATA[[1590069839.351][SEVERE]: Timed out receiving message from renderer: 298.224
[]]></system-err>
  </testcase>
  <testcase name="validateAppNavBar" classname="Academy.validateNavigationBar" time="0">
    <skipped message="timeout&#10;  (Session info: headless chrome=79.0.3945.88)&#10;Build info: version: &apos;3.141.59&apos;, revision: &apos;e82be7d358&apos;, time: &apos;2018-11-14T08:17:03&apos;&#10;System info: host: &apos;R01-CE62302732&apos;, ip: &apos;192.168.0.105&apos;, os.name: &apos;Windows 10&apos;, os.arch: &apos;amd64&apos;, os.version: &apos;10.0&apos;, java.version: &apos;14.0.1&apos;&#10;Driver info: org.openqa.selenium.chrome.ChromeDriver&#10;Capabilities {acceptInsecureCerts: false, browserName: chrome, browserVersion: 79.0.3945.88, chrome: {chromedriverVersion: 79.0.3945.36 (3582db32b3389..., userDataDir: C:\Users\X133477\AppData\Lo...}, goog:chromeOptions: {debuggerAddress: localhost:64563}, javascriptEnabled: true, networkConnectionEnabled: false, pageLoadStrategy: normal, platform: WINDOWS, platformName: WINDOWS, proxy: Proxy(), setWindowRect: true, strictFileInteractability: false, timeouts: {implicit: 0, pageLoad: 300000, script: 30000}, unhandledPromptBehavior: dismiss and notify}&#10;Session ID: db48cc958aed51a6c1b27415fca18bb8"/>
  </testcase>
  <testcase name="teardown" classname="Academy.validateNavigationBar" time="0">
    <skipped/>
  </testcase>
</testsuite>