<?xml version="1.0" encoding="UTF-8"?>
<!-- Generated by org.testng.reporters.JUnitXMLReporter -->
<testsuite ignored="1" hostname="R01-CE62302732" failures="1" tests="7" name="Pass" time="0.182" errors="0" timestamp="2020-05-08T12:05:09 IST">
  <testcase classname="test.Class1" name="Demo" time="0.009"/>
  <testcase classname="test.Class1" name="prerequiste" time="0.004"/>
  <testcase classname="test.Class4" name="Apialoanlogin" time="0.024"/>
  <testcase classname="test.Class4" name="Apialoanlogin" time="0.006"/>
  <testcase classname="test.Class4" name="Apialoanlogin" time="0.002"/>
  <testcase classname="test.Class4" name="Mobileloanlogin" time="0.009">
    <failure type="java.lang.AssertionError" message="expected [true] but found [false]">
      <![CDATA[java.lang.AssertionError: expected [true] but found [false]
at test.Class4.Mobileloanlogin(Class4.java:24)
at java.base/java.util.ArrayList.forEach(ArrayList.java:1510)
at java.base/java.util.concurrent.FutureTask.run(FutureTask.java:264)
at java.base/java.util.concurrent.ThreadPoolExecutor.runWorker(ThreadPoolExecutor.java:1130)
at java.base/java.util.concurrent.ThreadPoolExecutor$Worker.run(ThreadPoolExecutor.java:630)
at java.base/java.lang.Thread.run(Thread.java:832)
... Removed 22 stack frames]]>
    </failure>
  </testcase> <!-- Mobileloanlogin -->
  <testcase classname="test.Class4" name="Webloanlogin" time="0.002"/>
  <testcase classname="test.Class2" name="Demo" time="0.0">
    <ignored/>
  </testcase> <!-- Demo -->
</testsuite> <!-- Pass -->
