<?xml version="1.0" encoding="UTF-8"?>
<!-- Generated by org.testng.reporters.JUnitXMLReporter -->
<testsuite ignored="0" hostname="R01-CE62302732" failures="0" tests="2" name="HomePageTest" time="9.335" errors="0" timestamp="21 May 2020 13:59:02 GMT">
  <testcase classname="Academy.HomePage" name="@BeforeTest InvokeDriver" time="9.263">
    <failure type="org.openqa.selenium.WebDriverException" message="unknown error: Chrome failed to start: crashed
  (unknown error: DevToolsActivePort file doesn&amp;apos;t exist)
  (The process started from chrome location C:\Program Files (x86)\Google\Chrome\Application\chrome.exe is no longer running, so ChromeDriver is assuming that Chrome has crashed.)
Build info: version: &amp;apos;3.141.59&amp;apos;, revision: &amp;apos;e82be7d358&amp;apos;, time: &amp;apos;2018-11-14T08:17:03&amp;apos;
System info: host: &amp;apos;R01-CE62302732&amp;apos;, ip: &amp;apos;192.168.0.105&amp;apos;, os.name: &amp;apos;Windows 10&amp;apos;, os.arch: &amp;apos;amd64&amp;apos;, os.version: &amp;apos;10.0&amp;apos;, java.version: &amp;apos;14.0.1&amp;apos;
Driver info: driver.version: ChromeDriver
remote stacktrace: Backtrace:
	Ordinal0 [0x0024A113+1548563]
	Ordinal0 [0x001CDDA1+1039777]
	Ordinal0 [0x0014E485+517253]
	Ordinal0 [0x000DCB98+52120]
	Ordinal0 [0x000FB797+178071]
	Ordinal0 [0x000FB59D+177565]
	Ordinal0 [0x000F95FB+169467]
	Ordinal0 [0x000E160A+71178]
	Ordinal0 [0x000E2690+75408]
	Ordinal0 [0x000E2629+75305]
	Ordinal0 [0x001E71B7+1143223]
	GetHandleVerifier [0x002E2B46+507814]
	GetHandleVerifier [0x002E2864+507076]
	GetHandleVerifier [0x002E9F47+537511]
	GetHandleVerifier [0x002E3402+510050]
	Ordinal0 [0x001DF29C+1110684]
	Ordinal0 [0x001E938B+1151883]
	Ordinal0 [0x001E94F3+1152243]
	Ordinal0 [0x001E83F5+1147893]
	BaseThreadInitThunk [0x74428674+36]
	RtlGetAppContainerNamedObjectPath [0x77A35EC7+311]
	RtlGetAppContainerNamedObjectPath [0x77A35E97+263]
	(No symbol) [0x00000000]
">
      <![CDATA[org.openqa.selenium.WebDriverException: unknown error: Chrome failed to start: crashed
  (unknown error: DevToolsActivePort file doesn't exist)
  (The process started from chrome location C:\Program Files (x86)\Google\Chrome\Application\chrome.exe is no longer running, so ChromeDriver is assuming that Chrome has crashed.)
Build info: version: '3.141.59', revision: 'e82be7d358', time: '2018-11-14T08:17:03'
System info: host: 'R01-CE62302732', ip: '192.168.0.105', os.name: 'Windows 10', os.arch: 'amd64', os.version: '10.0', java.version: '14.0.1'
Driver info: driver.version: ChromeDriver
remote stacktrace: Backtrace:
Ordinal0 [0x0024A113+1548563]
Ordinal0 [0x001CDDA1+1039777]
Ordinal0 [0x0014E485+517253]
Ordinal0 [0x000DCB98+52120]
Ordinal0 [0x000FB797+178071]
Ordinal0 [0x000FB59D+177565]
Ordinal0 [0x000F95FB+169467]
Ordinal0 [0x000E160A+71178]
Ordinal0 [0x000E2690+75408]
Ordinal0 [0x000E2629+75305]
Ordinal0 [0x001E71B7+1143223]
GetHandleVerifier [0x002E2B46+507814]
GetHandleVerifier [0x002E2864+507076]
GetHandleVerifier [0x002E9F47+537511]
GetHandleVerifier [0x002E3402+510050]
Ordinal0 [0x001DF29C+1110684]
Ordinal0 [0x001E938B+1151883]
Ordinal0 [0x001E94F3+1152243]
Ordinal0 [0x001E83F5+1147893]
BaseThreadInitThunk [0x74428674+36]
RtlGetAppContainerNamedObjectPath [0x77A35EC7+311]
RtlGetAppContainerNamedObjectPath [0x77A35E97+263]
(No symbol) [0x00000000]

at org.openqa.selenium.remote.W3CHandshakeResponse.lambda$errorHandler$0(W3CHandshakeResponse.java:62)
at org.openqa.selenium.remote.HandshakeResponse.lambda$getResponseFunction$0(HandshakeResponse.java:30)
at org.openqa.selenium.remote.ProtocolHandshake.lambda$createSession$0(ProtocolHandshake.java:126)
at java.base/java.util.stream.ReferencePipeline$3$1.accept(ReferencePipeline.java:195)
at java.base/java.util.Spliterators$ArraySpliterator.tryAdvance(Spliterators.java:958)
at java.base/java.util.stream.ReferencePipeline.forEachWithCancel(ReferencePipeline.java:127)
at java.base/java.util.stream.AbstractPipeline.copyIntoWithCancel(AbstractPipeline.java:502)
at java.base/java.util.stream.AbstractPipeline.copyInto(AbstractPipeline.java:488)
at java.base/java.util.stream.AbstractPipeline.wrapAndCopyInto(AbstractPipeline.java:474)
at java.base/java.util.stream.FindOps$FindOp.evaluateSequential(FindOps.java:150)
at java.base/java.util.stream.AbstractPipeline.evaluate(AbstractPipeline.java:234)
at java.base/java.util.stream.ReferencePipeline.findFirst(ReferencePipeline.java:543)
at org.openqa.selenium.remote.ProtocolHandshake.createSession(ProtocolHandshake.java:128)
at org.openqa.selenium.remote.ProtocolHandshake.createSession(ProtocolHandshake.java:74)
at org.openqa.selenium.remote.HttpCommandExecutor.execute(HttpCommandExecutor.java:136)
at org.openqa.selenium.remote.service.DriverCommandExecutor.execute(DriverCommandExecutor.java:83)
at org.openqa.selenium.remote.RemoteWebDriver.execute(RemoteWebDriver.java:552)
at org.openqa.selenium.remote.RemoteWebDriver.startSession(RemoteWebDriver.java:213)
at org.openqa.selenium.remote.RemoteWebDriver.<init>(RemoteWebDriver.java:131)
at org.openqa.selenium.chrome.ChromeDriver.<init>(ChromeDriver.java:181)
at org.openqa.selenium.chrome.ChromeDriver.<init>(ChromeDriver.java:168)
at org.openqa.selenium.chrome.ChromeDriver.<init>(ChromeDriver.java:123)
at Academy.HomePage.InvokeDriver(HomePage.java:23)
at java.base/java.util.concurrent.FutureTask.run(FutureTask.java:264)
at java.base/java.util.concurrent.ThreadPoolExecutor.runWorker(ThreadPoolExecutor.java:1130)
at java.base/java.util.concurrent.ThreadPoolExecutor$Worker.run(ThreadPoolExecutor.java:630)
at java.base/java.lang.Thread.run(Thread.java:832)
... Removed 20 stack frames]]>
    </failure>
  </testcase> <!-- @BeforeTest InvokeDriver -->
  <testcase classname="Academy.HomePage" name="@AfterTest teardown" time="0.0">
    <skipped/>
  </testcase> <!-- @AfterTest teardown -->
  <testcase classname="Academy.HomePage" name="basePageNavigation" time="0.0">
    <skipped/>
  </testcase> <!-- basePageNavigation -->
  <testcase classname="Academy.HomePage" name="basePageNavigation" time="0.0">
    <skipped/>
  </testcase> <!-- basePageNavigation -->
</testsuite> <!-- HomePageTest -->
